<?xml version="1.0" encoding="UTF-8"?>
<testng-results ignored="0" total="3" passed="2" failed="1" skipped="0">
  <reporter-output>
  </reporter-output>
  <suite started-at="2023-12-28T18:26:20 IST" name="Default suite" finished-at="2023-12-28T18:26:43 IST" duration-ms="22838">
    <groups>
    </groups>
    <test started-at="2023-12-28T18:26:20 IST" name="Default test" finished-at="2023-12-28T18:26:43 IST" duration-ms="22838">
      <class name="test.Assertions">
        <test-method is-config="true" signature="configureReports()[pri:0, instance:test.Assertions@7d0b7e3c]" started-at="2023-12-28T18:26:20 IST" name="configureReports" finished-at="2023-12-28T18:26:20 IST" duration-ms="161" status="PASS">
          <reporter-output>
          </reporter-output>
        </test-method> <!-- configureReports -->
        <test-method is-config="true" signature="brawser()[pri:0, instance:test.Assertions@7d0b7e3c]" started-at="2023-12-28T18:26:20 IST" name="brawser" finished-at="2023-12-28T18:26:22 IST" duration-ms="2114" status="PASS">
          <reporter-output>
          </reporter-output>
        </test-method> <!-- brawser -->
        <test-method signature="createNewAccountTest()[pri:0, instance:test.Assertions@7d0b7e3c]" started-at="2023-12-28T18:26:22 IST" name="createNewAccountTest" finished-at="2023-12-28T18:26:23 IST" duration-ms="646" status="PASS">
          <reporter-output>
          </reporter-output>
        </test-method> <!-- createNewAccountTest -->
        <test-method is-config="true" signature="addTestStatus(org.testng.ITestResult)[pri:0, instance:test.Assertions@7d0b7e3c]" started-at="2023-12-28T18:26:23 IST" name="addTestStatus" finished-at="2023-12-28T18:26:23 IST" duration-ms="3" status="PASS">
          <params>
            <param index="0">
              <value>
                <![CDATA[[TestResult name=createNewAccountTest status=SUCCESS method=Assertions.createNewAccountTest()[pri:0, instance:test.Assertions@7d0b7e3c] output={null}]]]>
              </value>
            </param>
          </params>
          <reporter-output>
          </reporter-output>
        </test-method> <!-- addTestStatus -->
        <test-method is-config="true" signature="brawser()[pri:0, instance:test.Assertions@7d0b7e3c]" started-at="2023-12-28T18:26:23 IST" name="brawser" finished-at="2023-12-28T18:26:25 IST" duration-ms="1746" status="PASS">
          <reporter-output>
          </reporter-output>
        </test-method> <!-- brawser -->
        <test-method signature="facebookLogoIsVisibleOrNot()[pri:0, instance:test.Assertions@7d0b7e3c]" started-at="2023-12-28T18:26:25 IST" name="facebookLogoIsVisibleOrNot" finished-at="2023-12-28T18:26:25 IST" duration-ms="247" status="FAIL">
          <exception class="java.lang.AssertionError">
            <message>
              <![CDATA[The following asserts failed:
expected [false] but found [true]]]>
            </message>
            <full-stacktrace>
              <![CDATA[java.lang.AssertionError: The following asserts failed:
expected [false] but found [true]
at org.testng.asserts.SoftAssert.assertAll(SoftAssert.java:46)
at org.testng.asserts.SoftAssert.assertAll(SoftAssert.java:30)
at test.Assertions.facebookLogoIsVisibleOrNot(Assertions.java:59)
at java.base/jdk.internal.reflect.NativeMethodAccessorImpl.invoke0(Native Method)
at java.base/jdk.internal.reflect.NativeMethodAccessorImpl.invoke(NativeMethodAccessorImpl.java:77)
at java.base/jdk.internal.reflect.DelegatingMethodAccessorImpl.invoke(DelegatingMethodAccessorImpl.java:43)
at java.base/java.lang.reflect.Method.invoke(Method.java:568)
at org.testng.internal.invokers.MethodInvocationHelper.invokeMethod(MethodInvocationHelper.java:139)
at org.testng.internal.invokers.TestInvoker.invokeMethod(TestInvoker.java:664)
at org.testng.internal.invokers.TestInvoker.invokeTestMethod(TestInvoker.java:227)
at org.testng.internal.invokers.MethodRunner.runInSequence(MethodRunner.java:50)
at org.testng.internal.invokers.TestInvoker$MethodInvocationAgent.invoke(TestInvoker.java:957)
at org.testng.internal.invokers.TestInvoker.invokeTestMethods(TestInvoker.java:200)
at org.testng.internal.invokers.TestMethodWorker.invokeTestMethods(TestMethodWorker.java:148)
at org.testng.internal.invokers.TestMethodWorker.run(TestMethodWorker.java:128)
at java.base/java.util.ArrayList.forEach(ArrayList.java:1511)
at org.testng.TestRunner.privateRun(TestRunner.java:848)
at org.testng.TestRunner.run(TestRunner.java:621)
at org.testng.SuiteRunner.runTest(SuiteRunner.java:443)
at org.testng.SuiteRunner.runSequentially(SuiteRunner.java:437)
at org.testng.SuiteRunner.privateRun(SuiteRunner.java:397)
at org.testng.SuiteRunner.run(SuiteRunner.java:336)
at org.testng.SuiteRunnerWorker.runSuite(SuiteRunnerWorker.java:52)
at org.testng.SuiteRunnerWorker.run(SuiteRunnerWorker.java:95)
at org.testng.TestNG.runSuitesSequentially(TestNG.java:1280)
at org.testng.TestNG.runSuitesLocally(TestNG.java:1200)
at org.testng.TestNG.runSuites(TestNG.java:1114)
at org.testng.TestNG.run(TestNG.java:1082)
at org.testng.remote.AbstractRemoteTestNG.run(AbstractRemoteTestNG.java:115)
at org.testng.remote.RemoteTestNG.initAndRun(RemoteTestNG.java:251)
at org.testng.remote.RemoteTestNG.main(RemoteTestNG.java:77)
]]>
            </full-stacktrace>
          </exception> <!-- java.lang.AssertionError -->
          <reporter-output>
          </reporter-output>
        </test-method> <!-- facebookLogoIsVisibleOrNot -->
        <test-method is-config="true" signature="addTestStatus(org.testng.ITestResult)[pri:0, instance:test.Assertions@7d0b7e3c]" started-at="2023-12-28T18:26:36 IST" name="addTestStatus" finished-at="2023-12-28T18:26:36 IST" duration-ms="1" status="PASS">
          <params>
            <param index="0">
              <value>
                <![CDATA[[TestResult name=facebookLogoIsVisibleOrNot status=FAILURE method=Assertions.facebookLogoIsVisibleOrNot()[pri:0, instance:test.Assertions@7d0b7e3c] output={null}]]]>
              </value>
            </param>
          </params>
          <reporter-output>
          </reporter-output>
        </test-method> <!-- addTestStatus -->
        <test-method is-config="true" signature="brawser()[pri:0, instance:test.Assertions@7d0b7e3c]" started-at="2023-12-28T18:26:36 IST" name="brawser" finished-at="2023-12-28T18:26:42 IST" duration-ms="6792" status="PASS">
          <reporter-output>
          </reporter-output>
        </test-method> <!-- brawser -->
        <test-method signature="verifyLoginPageTitle()[pri:0, instance:test.Assertions@7d0b7e3c]" started-at="2023-12-28T18:26:42 IST" name="verifyLoginPageTitle" finished-at="2023-12-28T18:26:42 IST" duration-ms="12" status="PASS">
          <reporter-output>
          </reporter-output>
        </test-method> <!-- verifyLoginPageTitle -->
        <test-method is-config="true" signature="addTestStatus(org.testng.ITestResult)[pri:0, instance:test.Assertions@7d0b7e3c]" started-at="2023-12-28T18:26:42 IST" name="addTestStatus" finished-at="2023-12-28T18:26:42 IST" duration-ms="1" status="PASS">
          <params>
            <param index="0">
              <value>
                <![CDATA[[TestResult name=verifyLoginPageTitle status=SUCCESS method=Assertions.verifyLoginPageTitle()[pri:0, instance:test.Assertions@7d0b7e3c] output={null}]]]>
              </value>
            </param>
          </params>
          <reporter-output>
          </reporter-output>
        </test-method> <!-- addTestStatus -->
        <test-method is-config="true" signature="publishReport()[pri:0, instance:test.Assertions@7d0b7e3c]" started-at="2023-12-28T18:26:42 IST" name="publishReport" finished-at="2023-12-28T18:26:43 IST" duration-ms="398" status="PASS">
          <reporter-output>
          </reporter-output>
        </test-method> <!-- publishReport -->
      </class> <!-- test.Assertions -->
    </test> <!-- Default test -->
  </suite> <!-- Default suite -->
</testng-results>
